1723762049.016829 client started (1264587): version 3.4, socket /tmp/tmux-1000/default, protocol 8
1723762049.016869 on Linux 6.10.0 #1-NixOS SMP PREEMPT_DYNAMIC Sun Jul 14 22:43:32 UTC 2024
1723762049.016876 using libevent 2.1.12-stable poll
1723762049.016885 using utf8proc 2.9.0
1723762049.016888 using ncurses 6.4 20221231
1723762049.016908 flags are 0x10010000
1723762049.016935 socket is /tmp/tmux-1000/default
1723762049.016957 trying connect
1723762049.017069 add peer 0x13286c0: 6 ((nil))
1723762049.017561 sending message 100 to peer 0x13286c0 (4 bytes)
1723762049.017571 sending message 111 to peer 0x13286c0 (8 bytes)
1723762049.017575 sending message 101 to peer 0x13286c0 (15 bytes)
1723762049.017578 sending message 109 to peer 0x13286c0 (4 bytes)
1723762049.017581 sending message 102 to peer 0x13286c0 (11 bytes)
1723762049.017584 sending message 108 to peer 0x13286c0 (21 bytes)
1723762049.017586 sending message 112 to peer 0x13286c0 (58 bytes)
1723762049.017589 sending message 112 to peer 0x13286c0 (5 bytes)
1723762049.017592 sending message 112 to peer 0x13286c0 (5 bytes)
1723762049.017594 sending message 112 to peer 0x13286c0 (6 bytes)
1723762049.017597 sending message 112 to peer 0x13286c0 (6 bytes)
1723762049.017599 sending message 112 to peer 0x13286c0 (11 bytes)
1723762049.017602 sending message 112 to peer 0x13286c0 (10 bytes)
1723762049.017605 sending message 112 to peer 0x13286c0 (13 bytes)
1723762049.017607 sending message 112 to peer 0x13286c0 (14 bytes)
1723762049.017610 sending message 112 to peer 0x13286c0 (19 bytes)
1723762049.017612 sending message 112 to peer 0x13286c0 (11 bytes)
1723762049.017614 sending message 112 to peer 0x13286c0 (10 bytes)
1723762049.017617 sending message 112 to peer 0x13286c0 (15 bytes)
1723762049.017619 sending message 112 to peer 0x13286c0 (21 bytes)
1723762049.017622 sending message 112 to peer 0x13286c0 (13 bytes)
1723762049.017624 sending message 112 to peer 0x13286c0 (7 bytes)
1723762049.017627 sending message 112 to peer 0x13286c0 (13 bytes)
1723762049.017630 sending message 112 to peer 0x13286c0 (7 bytes)
1723762049.017632 sending message 112 to peer 0x13286c0 (13 bytes)
1723762049.017635 sending message 112 to peer 0x13286c0 (9 bytes)
1723762049.017637 sending message 112 to peer 0x13286c0 (21 bytes)
1723762049.017640 sending message 112 to peer 0x13286c0 (13 bytes)
1723762049.017642 sending message 112 to peer 0x13286c0 (9 bytes)
1723762049.017644 sending message 112 to peer 0x13286c0 (16 bytes)
1723762049.017647 sending message 112 to peer 0x13286c0 (13 bytes)
1723762049.017649 sending message 112 to peer 0x13286c0 (9 bytes)
1723762049.017652 sending message 112 to peer 0x13286c0 (9 bytes)
1723762049.017654 sending message 112 to peer 0x13286c0 (12 bytes)
1723762049.017657 sending message 112 to peer 0x13286c0 (8 bytes)
1723762049.017659 sending message 112 to peer 0x13286c0 (8 bytes)
1723762049.017662 sending message 112 to peer 0x13286c0 (13 bytes)
1723762049.017664 sending message 112 to peer 0x13286c0 (7 bytes)
1723762049.017667 sending message 112 to peer 0x13286c0 (7 bytes)
1723762049.017669 sending message 112 to peer 0x13286c0 (9 bytes)
1723762049.017672 sending message 112 to peer 0x13286c0 (9 bytes)
1723762049.017674 sending message 112 to peer 0x13286c0 (15 bytes)
1723762049.017677 sending message 112 to peer 0x13286c0 (13 bytes)
1723762049.017679 sending message 112 to peer 0x13286c0 (12 bytes)
1723762049.017682 sending message 112 to peer 0x13286c0 (8 bytes)
1723762049.017684 sending message 112 to peer 0x13286c0 (14 bytes)
1723762049.017687 sending message 112 to peer 0x13286c0 (11 bytes)
1723762049.017689 sending message 112 to peer 0x13286c0 (9 bytes)
1723762049.017692 sending message 112 to peer 0x13286c0 (10 bytes)
1723762049.017694 sending message 112 to peer 0x13286c0 (10 bytes)
1723762049.017696 sending message 112 to peer 0x13286c0 (10 bytes)
1723762049.017699 sending message 112 to peer 0x13286c0 (10 bytes)
1723762049.017701 sending message 112 to peer 0x13286c0 (11 bytes)
1723762049.017704 sending message 112 to peer 0x13286c0 (12 bytes)
1723762049.017706 sending message 112 to peer 0x13286c0 (12 bytes)
1723762049.017721 sending message 112 to peer 0x13286c0 (12 bytes)
1723762049.017724 sending message 112 to peer 0x13286c0 (12 bytes)
1723762049.017727 sending message 112 to peer 0x13286c0 (12 bytes)
1723762049.017730 sending message 112 to peer 0x13286c0 (11 bytes)
1723762049.017732 sending message 112 to peer 0x13286c0 (11 bytes)
1723762049.017735 sending message 112 to peer 0x13286c0 (12 bytes)
1723762049.017737 sending message 112 to peer 0x13286c0 (12 bytes)
1723762049.017740 sending message 112 to peer 0x13286c0 (12 bytes)
1723762049.017742 sending message 112 to peer 0x13286c0 (12 bytes)
1723762049.017745 sending message 112 to peer 0x13286c0 (12 bytes)
1723762049.017747 sending message 112 to peer 0x13286c0 (9 bytes)
1723762049.017750 sending message 112 to peer 0x13286c0 (12 bytes)
1723762049.017752 sending message 112 to peer 0x13286c0 (13 bytes)
1723762049.017754 sending message 112 to peer 0x13286c0 (13 bytes)
1723762049.017757 sending message 112 to peer 0x13286c0 (13 bytes)
1723762049.017759 sending message 112 to peer 0x13286c0 (13 bytes)
1723762049.017762 sending message 112 to peer 0x13286c0 (13 bytes)
1723762049.017764 sending message 112 to peer 0x13286c0 (8 bytes)
1723762049.017767 sending message 112 to peer 0x13286c0 (11 bytes)
1723762049.017769 sending message 112 to peer 0x13286c0 (11 bytes)
1723762049.017772 sending message 112 to peer 0x13286c0 (11 bytes)
1723762049.017774 sending message 112 to peer 0x13286c0 (12 bytes)
1723762049.017777 sending message 112 to peer 0x13286c0 (12 bytes)
1723762049.017779 sending message 112 to peer 0x13286c0 (12 bytes)
1723762049.017782 sending message 112 to peer 0x13286c0 (12 bytes)
1723762049.017784 sending message 112 to peer 0x13286c0 (13 bytes)
1723762049.017787 sending message 112 to peer 0x13286c0 (13 bytes)
1723762049.017789 sending message 112 to peer 0x13286c0 (13 bytes)
1723762049.017792 sending message 112 to peer 0x13286c0 (8 bytes)
1723762049.017794 sending message 112 to peer 0x13286c0 (13 bytes)
1723762049.017797 sending message 112 to peer 0x13286c0 (13 bytes)
1723762049.017799 sending message 112 to peer 0x13286c0 (13 bytes)
1723762049.017801 sending message 112 to peer 0x13286c0 (13 bytes)
1723762049.017804 sending message 112 to peer 0x13286c0 (13 bytes)
1723762049.017806 sending message 112 to peer 0x13286c0 (12 bytes)
1723762049.017809 sending message 112 to peer 0x13286c0 (12 bytes)
1723762049.017811 sending message 112 to peer 0x13286c0 (12 bytes)
1723762049.017814 sending message 112 to peer 0x13286c0 (12 bytes)
1723762049.017816 sending message 112 to peer 0x13286c0 (13 bytes)
1723762049.017818 sending message 112 to peer 0x13286c0 (8 bytes)
1723762049.017821 sending message 112 to peer 0x13286c0 (13 bytes)
1723762049.017823 sending message 112 to peer 0x13286c0 (13 bytes)
1723762049.017826 sending message 112 to peer 0x13286c0 (13 bytes)
1723762049.017828 sending message 112 to peer 0x13286c0 (13 bytes)
1723762049.017831 sending message 112 to peer 0x13286c0 (13 bytes)
1723762049.017833 sending message 112 to peer 0x13286c0 (13 bytes)
1723762049.017835 sending message 112 to peer 0x13286c0 (13 bytes)
1723762049.017838 sending message 112 to peer 0x13286c0 (12 bytes)
1723762049.017840 sending message 112 to peer 0x13286c0 (12 bytes)
1723762049.017843 sending message 112 to peer 0x13286c0 (12 bytes)
1723762049.017845 sending message 112 to peer 0x13286c0 (8 bytes)
1723762049.017847 sending message 112 to peer 0x13286c0 (12 bytes)
1723762049.017850 sending message 112 to peer 0x13286c0 (13 bytes)
1723762049.017852 sending message 112 to peer 0x13286c0 (13 bytes)
1723762049.017855 sending message 112 to peer 0x13286c0 (13 bytes)
1723762049.017857 sending message 112 to peer 0x13286c0 (13 bytes)
1723762049.017860 sending message 112 to peer 0x13286c0 (13 bytes)
1723762049.017862 sending message 112 to peer 0x13286c0 (13 bytes)
1723762049.017864 sending message 112 to peer 0x13286c0 (13 bytes)
1723762049.017867 sending message 112 to peer 0x13286c0 (13 bytes)
1723762049.017869 sending message 112 to peer 0x13286c0 (12 bytes)
1723762049.017877 sending message 112 to peer 0x13286c0 (10 bytes)
1723762049.017880 sending message 112 to peer 0x13286c0 (12 bytes)
1723762049.017882 sending message 112 to peer 0x13286c0 (12 bytes)
1723762049.017885 sending message 112 to peer 0x13286c0 (12 bytes)
1723762049.017887 sending message 112 to peer 0x13286c0 (13 bytes)
1723762049.017889 sending message 112 to peer 0x13286c0 (13 bytes)
1723762049.017892 sending message 112 to peer 0x13286c0 (13 bytes)
1723762049.017894 sending message 112 to peer 0x13286c0 (13 bytes)
1723762049.017897 sending message 112 to peer 0x13286c0 (13 bytes)
1723762049.017899 sending message 112 to peer 0x13286c0 (13 bytes)
1723762049.017902 sending message 112 to peer 0x13286c0 (13 bytes)
1723762049.017904 sending message 112 to peer 0x13286c0 (10 bytes)
1723762049.017906 sending message 112 to peer 0x13286c0 (13 bytes)
1723762049.017909 sending message 112 to peer 0x13286c0 (12 bytes)
1723762049.017911 sending message 112 to peer 0x13286c0 (12 bytes)
1723762049.017923 sending message 112 to peer 0x13286c0 (12 bytes)
1723762049.017931 sending message 112 to peer 0x13286c0 (10 bytes)
1723762049.018072 sending message 112 to peer 0x13286c0 (10 bytes)
1723762049.018084 sending message 112 to peer 0x13286c0 (10 bytes)
1723762049.018088 sending message 112 to peer 0x13286c0 (12 bytes)
1723762049.018091 sending message 112 to peer 0x13286c0 (13 bytes)
1723762049.018094 sending message 112 to peer 0x13286c0 (13 bytes)
1723762049.018097 sending message 112 to peer 0x13286c0 (13 bytes)
1723762049.018099 sending message 112 to peer 0x13286c0 (13 bytes)
1723762049.018102 sending message 112 to peer 0x13286c0 (13 bytes)
1723762049.018105 sending message 112 to peer 0x13286c0 (10 bytes)
1723762049.018108 sending message 112 to peer 0x13286c0 (11 bytes)
1723762049.018110 sending message 112 to peer 0x13286c0 (12 bytes)
1723762049.018113 sending message 112 to peer 0x13286c0 (12 bytes)
1723762049.018116 sending message 112 to peer 0x13286c0 (12 bytes)
1723762049.018118 sending message 112 to peer 0x13286c0 (12 bytes)
1723762049.018121 sending message 112 to peer 0x13286c0 (12 bytes)
1723762049.018124 sending message 112 to peer 0x13286c0 (11 bytes)
1723762049.018127 sending message 112 to peer 0x13286c0 (12 bytes)
1723762049.018130 sending message 112 to peer 0x13286c0 (12 bytes)
1723762049.018132 sending message 112 to peer 0x13286c0 (13 bytes)
1723762049.018135 sending message 112 to peer 0x13286c0 (13 bytes)
1723762049.018138 sending message 112 to peer 0x13286c0 (13 bytes)
1723762049.018141 sending message 112 to peer 0x13286c0 (13 bytes)
1723762049.018143 sending message 112 to peer 0x13286c0 (13 bytes)
1723762049.018146 sending message 112 to peer 0x13286c0 (10 bytes)
1723762049.018149 sending message 112 to peer 0x13286c0 (9 bytes)
1723762049.018152 sending message 112 to peer 0x13286c0 (12 bytes)
1723762049.018155 sending message 112 to peer 0x13286c0 (13 bytes)
1723762049.018157 sending message 112 to peer 0x13286c0 (13 bytes)
1723762049.018160 sending message 112 to peer 0x13286c0 (13 bytes)
1723762049.018163 sending message 112 to peer 0x13286c0 (13 bytes)
1723762049.018166 sending message 112 to peer 0x13286c0 (13 bytes)
1723762049.018168 sending message 112 to peer 0x13286c0 (9 bytes)
1723762049.018171 sending message 112 to peer 0x13286c0 (12 bytes)
1723762049.018174 sending message 112 to peer 0x13286c0 (13 bytes)
1723762049.018177 sending message 112 to peer 0x13286c0 (13 bytes)
1723762049.018179 sending message 112 to peer 0x13286c0 (13 bytes)
1723762049.018182 sending message 112 to peer 0x13286c0 (13 bytes)
1723762049.018185 sending message 112 to peer 0x13286c0 (13 bytes)
1723762049.018188 sending message 112 to peer 0x13286c0 (11 bytes)
1723762049.018190 sending message 112 to peer 0x13286c0 (12 bytes)
1723762049.018193 sending message 112 to peer 0x13286c0 (13 bytes)
1723762049.018196 sending message 112 to peer 0x13286c0 (13 bytes)
1723762049.018199 sending message 112 to peer 0x13286c0 (13 bytes)
1723762049.018201 sending message 112 to peer 0x13286c0 (13 bytes)
1723762049.018220 sending message 112 to peer 0x13286c0 (13 bytes)
1723762049.018224 sending message 112 to peer 0x13286c0 (11 bytes)
1723762049.018227 sending message 112 to peer 0x13286c0 (12 bytes)
1723762049.018230 sending message 112 to peer 0x13286c0 (12 bytes)
1723762049.018233 sending message 112 to peer 0x13286c0 (12 bytes)
1723762049.018236 sending message 112 to peer 0x13286c0 (12 bytes)
1723762049.018239 sending message 112 to peer 0x13286c0 (12 bytes)
1723762049.018242 sending message 112 to peer 0x13286c0 (21 bytes)
1723762049.018245 sending message 112 to peer 0x13286c0 (12 bytes)
1723762049.018248 sending message 112 to peer 0x13286c0 (9 bytes)
1723762049.018250 sending message 112 to peer 0x13286c0 (6 bytes)
1723762049.018253 sending message 112 to peer 0x13286c0 (13 bytes)
1723762049.018256 sending message 112 to peer 0x13286c0 (10 bytes)
1723762049.018261 sending message 112 to peer 0x13286c0 (24 bytes)
1723762049.018264 sending message 112 to peer 0x13286c0 (13 bytes)
1723762049.018268 sending message 112 to peer 0x13286c0 (9 bytes)
1723762049.018271 sending message 112 to peer 0x13286c0 (70 bytes)
1723762049.018274 sending message 112 to peer 0x13286c0 (69 bytes)
1723762049.018276 sending message 112 to peer 0x13286c0 (12 bytes)
1723762049.018279 sending message 112 to peer 0x13286c0 (10 bytes)
1723762049.018282 sending message 112 to peer 0x13286c0 (10 bytes)
1723762049.018285 sending message 112 to peer 0x13286c0 (24 bytes)
1723762049.018288 sending message 112 to peer 0x13286c0 (13 bytes)
1723762049.018291 sending message 112 to peer 0x13286c0 (10 bytes)
1723762049.018293 sending message 112 to peer 0x13286c0 (10 bytes)
1723762049.018296 sending message 112 to peer 0x13286c0 (10 bytes)
1723762049.018299 sending message 112 to peer 0x13286c0 (13 bytes)
1723762049.018302 sending message 112 to peer 0x13286c0 (15 bytes)
1723762049.018305 sending message 112 to peer 0x13286c0 (5 bytes)
1723762049.018309 sending message 104 to peer 0x13286c0 (0 bytes)
1723762049.018312 sending message 110 to peer 0x13286c0 (0 bytes)
1723762049.018316 sending message 107 to peer 0x13286c0 (4 bytes)
1723762049.018319 sending message 105 to peer 0x13286c0 (25 bytes)
1723762049.018322 sending message 105 to peer 0x13286c0 (19 bytes)
1723762049.018324 sending message 105 to peer 0x13286c0 (17 bytes)
1723762049.018327 sending message 105 to peer 0x13286c0 (95 bytes)
1723762049.018330 sending message 105 to peer 0x13286c0 (70 bytes)
1723762049.018334 sending message 105 to peer 0x13286c0 (224 bytes)
1723762049.018337 sending message 105 to peer 0x13286c0 (18 bytes)
1723762049.018340 sending message 105 to peer 0x13286c0 (11 bytes)
1723762049.018343 sending message 105 to peer 0x13286c0 (18 bytes)
1723762049.018346 sending message 105 to peer 0x13286c0 (79 bytes)
1723762049.018349 sending message 105 to peer 0x13286c0 (71 bytes)
1723762049.018352 sending message 105 to peer 0x13286c0 (87 bytes)
1723762049.018355 sending message 105 to peer 0x13286c0 (25 bytes)
1723762049.018358 sending message 105 to peer 0x13286c0 (17 bytes)
1723762049.018361 sending message 105 to peer 0x13286c0 (60 bytes)
1723762049.018364 sending message 105 to peer 0x13286c0 (3165 bytes)
1723762049.018395 sending message 105 to peer 0x13286c0 (38 bytes)
1723762049.018398 sending message 105 to peer 0x13286c0 (549 bytes)
1723762049.018401 sending message 105 to peer 0x13286c0 (194 bytes)
1723762049.018404 sending message 105 to peer 0x13286c0 (72 bytes)
1723762049.018407 sending message 105 to peer 0x13286c0 (13 bytes)
1723762049.018410 sending message 105 to peer 0x13286c0 (279 bytes)
1723762049.018413 sending message 105 to peer 0x13286c0 (18 bytes)
1723762049.018416 sending message 105 to peer 0x13286c0 (431 bytes)
1723762049.018419 sending message 105 to peer 0x13286c0 (20 bytes)
1723762049.018422 sending message 105 to peer 0x13286c0 (23 bytes)
1723762049.018425 sending message 105 to peer 0x13286c0 (27 bytes)
1723762049.018428 sending message 105 to peer 0x13286c0 (9 bytes)
1723762049.018430 sending message 105 to peer 0x13286c0 (45 bytes)
1723762049.018436 sending message 105 to peer 0x13286c0 (20 bytes)
1723762049.018439 sending message 105 to peer 0x13286c0 (78 bytes)
1723762049.018442 sending message 105 to peer 0x13286c0 (40 bytes)
1723762049.018445 sending message 105 to peer 0x13286c0 (17 bytes)
1723762049.018448 sending message 105 to peer 0x13286c0 (43 bytes)
1723762049.018450 sending message 105 to peer 0x13286c0 (57 bytes)
1723762049.018453 sending message 105 to peer 0x13286c0 (38 bytes)
1723762049.018456 sending message 105 to peer 0x13286c0 (37 bytes)
1723762049.018459 sending message 105 to peer 0x13286c0 (16 bytes)
1723762049.018462 sending message 105 to peer 0x13286c0 (24 bytes)
1723762049.018464 sending message 105 to peer 0x13286c0 (35 bytes)
1723762049.018467 sending message 105 to peer 0x13286c0 (396 bytes)
1723762049.018470 sending message 105 to peer 0x13286c0 (54 bytes)
1723762049.018473 sending message 105 to peer 0x13286c0 (19 bytes)
1723762049.018476 sending message 105 to peer 0x13286c0 (12 bytes)
1723762049.018478 sending message 105 to peer 0x13286c0 (6 bytes)
1723762049.018481 sending message 105 to peer 0x13286c0 (64 bytes)
1723762049.018485 sending message 105 to peer 0x13286c0 (16 bytes)
1723762049.018488 sending message 105 to peer 0x13286c0 (19 bytes)
1723762049.018491 sending message 105 to peer 0x13286c0 (112 bytes)
1723762049.018493 sending message 105 to peer 0x13286c0 (23 bytes)
1723762049.018496 sending message 105 to peer 0x13286c0 (6 bytes)
1723762049.018499 sending message 105 to peer 0x13286c0 (54 bytes)
1723762049.018502 sending message 105 to peer 0x13286c0 (18 bytes)
1723762049.018505 sending message 105 to peer 0x13286c0 (21 bytes)
1723762049.018508 sending message 105 to peer 0x13286c0 (31 bytes)
1723762049.018510 sending message 105 to peer 0x13286c0 (12 bytes)
1723762049.018513 sending message 105 to peer 0x13286c0 (11 bytes)
1723762049.018516 sending message 105 to peer 0x13286c0 (236 bytes)
1723762049.018519 sending message 105 to peer 0x13286c0 (17 bytes)
1723762049.018522 sending message 105 to peer 0x13286c0 (15 bytes)
1723762049.018525 sending message 105 to peer 0x13286c0 (19 bytes)
1723762049.018527 sending message 105 to peer 0x13286c0 (26 bytes)
1723762049.018530 sending message 105 to peer 0x13286c0 (14 bytes)
1723762049.018533 sending message 105 to peer 0x13286c0 (64 bytes)
1723762049.018536 sending message 105 to peer 0x13286c0 (76 bytes)
1723762049.018539 sending message 105 to peer 0x13286c0 (60 bytes)
1723762049.018542 sending message 105 to peer 0x13286c0 (176 bytes)
1723762049.018545 sending message 105 to peer 0x13286c0 (12 bytes)
1723762049.018548 sending message 105 to peer 0x13286c0 (44 bytes)
1723762049.018551 sending message 105 to peer 0x13286c0 (20 bytes)
1723762049.018553 sending message 105 to peer 0x13286c0 (19 bytes)
1723762049.018556 sending message 105 to peer 0x13286c0 (20 bytes)
1723762049.018559 sending message 105 to peer 0x13286c0 (70 bytes)
1723762049.018562 sending message 105 to peer 0x13286c0 (6 bytes)
1723762049.018565 sending message 105 to peer 0x13286c0 (11 bytes)
1723762049.018568 sending message 105 to peer 0x13286c0 (36 bytes)
1723762049.018571 sending message 105 to peer 0x13286c0 (21 bytes)
1723762049.018574 sending message 105 to peer 0x13286c0 (16 bytes)
1723762049.018576 sending message 105 to peer 0x13286c0 (33 bytes)
1723762049.018579 sending message 105 to peer 0x13286c0 (371 bytes)
1723762049.018583 sending message 105 to peer 0x13286c0 (7 bytes)
1723762049.018585 sending message 105 to peer 0x13286c0 (16 bytes)
1723762049.018588 sending message 105 to peer 0x13286c0 (50 bytes)
1723762049.018591 sending message 105 to peer 0x13286c0 (20 bytes)
1723762049.018594 sending message 105 to peer 0x13286c0 (53 bytes)
1723762049.018597 sending message 105 to peer 0x13286c0 (28 bytes)
1723762049.018600 sending message 105 to peer 0x13286c0 (13 bytes)
1723762049.018603 sending message 105 to peer 0x13286c0 (39 bytes)
1723762049.018606 sending message 105 to peer 0x13286c0 (85 bytes)
1723762049.018609 sending message 105 to peer 0x13286c0 (12 bytes)
1723762049.018614 sending message 105 to peer 0x13286c0 (16 bytes)
1723762049.018617 sending message 105 to peer 0x13286c0 (10 bytes)
1723762049.018620 sending message 105 to peer 0x13286c0 (90 bytes)
1723762049.018623 sending message 105 to peer 0x13286c0 (31 bytes)
1723762049.018626 sending message 105 to peer 0x13286c0 (16 bytes)
1723762049.018629 sending message 105 to peer 0x13286c0 (19 bytes)
1723762049.018632 sending message 105 to peer 0x13286c0 (9 bytes)
1723762049.018635 sending message 105 to peer 0x13286c0 (8 bytes)
1723762049.018637 sending message 105 to peer 0x13286c0 (11 bytes)
1723762049.018640 sending message 105 to peer 0x13286c0 (13 bytes)
1723762049.018643 sending message 105 to peer 0x13286c0 (64 bytes)
1723762049.018646 sending message 105 to peer 0x13286c0 (20 bytes)
1723762049.018649 sending message 105 to peer 0x13286c0 (862 bytes)
1723762049.018652 sending message 105 to peer 0x13286c0 (12 bytes)
1723762049.018655 sending message 105 to peer 0x13286c0 (99 bytes)
1723762049.018658 sending message 105 to peer 0x13286c0 (25 bytes)
1723762049.018661 sending message 105 to peer 0x13286c0 (89 bytes)
1723762049.018664 sending message 105 to peer 0x13286c0 (13 bytes)
1723762049.018667 sending message 105 to peer 0x13286c0 (71 bytes)
1723762049.018669 sending message 105 to peer 0x13286c0 (27 bytes)
1723762049.018673 sending message 105 to peer 0x13286c0 (16 bytes)
1723762049.018676 sending message 105 to peer 0x13286c0 (42 bytes)
1723762049.018679 sending message 105 to peer 0x13286c0 (714 bytes)
1723762049.018682 sending message 105 to peer 0x13286c0 (29 bytes)
1723762049.018685 sending message 105 to peer 0x13286c0 (28 bytes)
1723762049.018688 sending message 105 to peer 0x13286c0 (90 bytes)
1723762049.018691 sending message 105 to peer 0x13286c0 (73 bytes)
1723762049.018694 sending message 105 to peer 0x13286c0 (267 bytes)
1723762049.018697 sending message 105 to peer 0x13286c0 (8 bytes)
1723762049.018699 sending message 105 to peer 0x13286c0 (6 bytes)
1723762049.018702 sending message 105 to peer 0x13286c0 (12 bytes)
1723762049.018705 sending message 105 to peer 0x13286c0 (30 bytes)
1723762049.018708 sending message 105 to peer 0x13286c0 (74 bytes)
1723762049.018711 sending message 105 to peer 0x13286c0 (60 bytes)
1723762049.018714 sending message 105 to peer 0x13286c0 (24 bytes)
1723762049.018717 sending message 105 to peer 0x13286c0 (97 bytes)
1723762049.018720 sending message 105 to peer 0x13286c0 (1905 bytes)
1723762049.018726 sending message 105 to peer 0x13286c0 (25 bytes)
1723762049.018729 sending message 105 to peer 0x13286c0 (26 bytes)
1723762049.018732 sending message 105 to peer 0x13286c0 (20 bytes)
1723762049.018735 sending message 105 to peer 0x13286c0 (15 bytes)
1723762049.018738 sending message 105 to peer 0x13286c0 (83 bytes)
1723762049.018741 sending message 105 to peer 0x13286c0 (38 bytes)
1723762049.018744 sending message 105 to peer 0x13286c0 (21 bytes)
1723762049.018747 sending message 105 to peer 0x13286c0 (110 bytes)
1723762049.018749 sending message 105 to peer 0x13286c0 (16 bytes)
1723762049.018752 sending message 105 to peer 0x13286c0 (29 bytes)
1723762049.018755 sending message 105 to peer 0x13286c0 (14 bytes)
1723762049.018758 sending message 105 to peer 0x13286c0 (16 bytes)
1723762049.018761 sending message 105 to peer 0x13286c0 (14 bytes)
1723762049.018764 sending message 105 to peer 0x13286c0 (17 bytes)
1723762049.018766 sending message 105 to peer 0x13286c0 (41 bytes)
1723762049.018769 sending message 105 to peer 0x13286c0 (25 bytes)
1723762049.018772 sending message 105 to peer 0x13286c0 (310 bytes)
1723762049.018776 sending message 105 to peer 0x13286c0 (2016 bytes)
1723762049.018779 sending message 105 to peer 0x13286c0 (75 bytes)
1723762049.018782 sending message 106 to peer 0x13286c0 (0 bytes)
1723762049.018868 sending message 200 to peer 0x13286c0 (4 bytes)
1723762049.018872 client loop enter
1723762049.031415 peer 0x13286c0 message 207
1723762049.031439 sending message 208 to peer 0x13286c0 (0 bytes)
1723762052.365446 peer 0x13286c0 message 203
1723762052.365486 sending message 205 to peer 0x13286c0 (0 bytes)
1723762052.365813 peer 0x13286c0 message 204
1723762052.365819 client loop exit
